<?xml version="1.0" encoding="UTF-8"?>
<!-- Generated by org.testng.reporters.JUnitReportReporter -->
<testsuite hostname="DESKTOP-ACGD89T" failures="0" tests="1" name="Login.LoginTest" time="9.635" errors="0" timestamp="13 Sept 2022 08:38:53 GMT" skipped="0">
  <testcase classname="Login.LoginTest" name="loginData" time="9.635"/>
</testsuite> <!-- Login.LoginTest -->
